#
# There is insufficient memory for the Java Runtime Environment to continue.
# Native memory allocation (malloc) failed to allocate 1048576 bytes for AllocateHeap
# Possible reasons:
#   The system is out of physical RAM or swap space
#   The process is running with CompressedOops enabled, and the Java Heap may be blocking the growth of the native heap
# Possible solutions:
#   Reduce memory load on the system
#   Increase physical memory or swap space
#   Check if swap backing store is full
#   Decrease Java heap size (-Xmx/-Xms)
#   Decrease number of Java threads
#   Decrease Java thread stack sizes (-Xss)
#   Set larger code cache with -XX:ReservedCodeCacheSize=
#   JVM is running with Unscaled Compressed Oops mode in which the Java heap is
#     placed in the first 4GB address space. The Java Heap base address is the
#     maximum limit for the native heap growth. Please use -XX:HeapBaseMinAddress
#     to set the Java Heap base and to place the Java Heap above 4GB virtual address.
# This output file may be truncated or incomplete.
#
#  Out of Memory Error (allocation.cpp:44), pid=82248, tid=85744
#
# JRE version:  (17.0.10+11) (build )
# Java VM: Java HotSpot(TM) 64-Bit Server VM (17.0.10+11-LTS-240, mixed mode, emulated-client, sharing, tiered, compressed oops, compressed class ptrs, g1 gc, windows-amd64)
# No core dump will be written. Minidumps are not enabled by default on client versions of Windows
#

---------------  S U M M A R Y ------------

Command Line: -XX:TieredStopAtLevel=1 -Dspring.output.ansi.enabled=always -Dcom.sun.management.jmxremote -Dspring.jmx.enabled=true -Dspring.liveBeansView.mbeanDomain -Dspring.application.admin.enabled=true -Dmanagement.endpoints.jmx.exposure.include=* -javaagent:D:\Applications\Software\IntelliJ\IntelliJ IDEA 2023.3.4\lib\idea_rt.jar=57694:D:\Applications\Software\IntelliJ\IntelliJ IDEA 2023.3.4\bin -Dfile.encoding=UTF-8 s3.ind.Main

Host: 11th Gen Intel(R) Core(TM) i7-1165G7 @ 2.80GHz, 8 cores, 39G,  Windows 10 , 64 bit Build 19041 (10.0.19041.3636)
Time: Sun May  5 14:27:27 2024 W. Europe Daylight Time elapsed time: 0.015687 seconds (0d 0h 0m 0s)

---------------  T H R E A D  ---------------

Current thread (0x000001c7b1126f00):  JavaThread "Unknown thread" [_thread_in_vm, id=85744, stack(0x00000058b3500000,0x00000058b3600000)]

Stack: [0x00000058b3500000,0x00000058b3600000]
Native frames: (J=compiled Java code, j=interpreted, Vv=VM code, C=native code)
V  [jvm.dll+0x677a5a]
V  [jvm.dll+0x7d8b2d]
V  [jvm.dll+0x7da48e]
V  [jvm.dll+0x7daaf3]
V  [jvm.dll+0x2455ff]
V  [jvm.dll+0xa5173]
V  [jvm.dll+0x2d5bd7]
V  [jvm.dll+0x7aa51c]
V  [jvm.dll+0x367911]
V  [jvm.dll+0x789639]
V  [jvm.dll+0x3eb30f]
V  [jvm.dll+0x3ecd91]
C  [jli.dll+0x5297]
C  [ucrtbase.dll+0x21bb2]
C  [KERNEL32.DLL+0x17344]
C  [ntdll.dll+0x526b1]


---------------  P R O C E S S  ---------------

Threads class SMR info:
_java_thread_list=0x00007ff906376a18, length=0, elements={
}

Java Threads: ( => current thread )

Other Threads:

=>0x000001c7b1126f00 (exited) JavaThread "Unknown thread" [_thread_in_vm, id=85744, stack(0x00000058b3500000,0x00000058b3600000)]

Threads with active compile tasks:

VM state: not at safepoint (not fully initialized)

VM Mutex/Monitor currently owned by a thread: None

Heap address: 0x0000000000000000, size: 0 MB, Compressed Oops mode: 32-bit

CDS archive(s) mapped at: [0x0000000000000000-0x0000000000000000-0x0000000000000000), size 0, SharedBaseAddress: 0x0000000800000000, ArchiveRelocationMode: 1.
Narrow klass base: 0x0000000000000000, Narrow klass shift: 0, Narrow klass range: 0x0

GC Precious Log:
<Empty>

GC Heap History (0 events):
No events

Deoptimization events (0 events):
No events

Classes unloaded (0 events):
No events

Classes redefined (0 events):
No events

Internal exceptions (0 events):
No events

VM Operations (0 events):
No events

Events (1 events):
Event: 0.009 Loaded shared library C:\Program Files\Java\jdk-17\bin\java.dll


Dynamic libraries:
0x00007ff603450000 - 0x00007ff603460000 	C:\Program Files\Java\jdk-17\bin\java.exe
0x00007ff9c3b30000 - 0x00007ff9c3d28000 	C:\Windows\SYSTEM32\ntdll.dll
0x00007ff9c2a50000 - 0x00007ff9c2b0d000 	C:\Windows\System32\KERNEL32.DLL
0x00007ff9c11e0000 - 0x00007ff9c14d6000 	C:\Windows\System32\KERNELBASE.dll
0x00007ff9c1740000 - 0x00007ff9c1840000 	C:\Windows\System32\ucrtbase.dll
0x00007ff997c00000 - 0x00007ff997c19000 	C:\Program Files\Java\jdk-17\bin\jli.dll
0x00007ff997c20000 - 0x00007ff997c3b000 	C:\Program Files\Java\jdk-17\bin\VCRUNTIME140.dll
0x00007ff9c29a0000 - 0x00007ff9c2a50000 	C:\Windows\System32\ADVAPI32.dll
0x00007ff9c24f0000 - 0x00007ff9c258e000 	C:\Windows\System32\msvcrt.dll
0x00007ff9c3110000 - 0x00007ff9c31b0000 	C:\Windows\System32\sechost.dll
0x00007ff9c2590000 - 0x00007ff9c26b3000 	C:\Windows\System32\RPCRT4.dll
0x00007ff9c1710000 - 0x00007ff9c1737000 	C:\Windows\System32\bcrypt.dll
0x00007ff9c2800000 - 0x00007ff9c299f000 	C:\Windows\System32\USER32.dll
0x00007ff9c1b30000 - 0x00007ff9c1b52000 	C:\Windows\System32\win32u.dll
0x00007ff9c2f40000 - 0x00007ff9c2f6b000 	C:\Windows\System32\GDI32.dll
0x00007ff9c1580000 - 0x00007ff9c1697000 	C:\Windows\System32\gdi32full.dll
0x00007ff9a5c60000 - 0x00007ff9a5efa000 	C:\Windows\WinSxS\amd64_microsoft.windows.common-controls_6595b64144ccf1df_6.0.19041.3636_none_60b6a03d71f818d5\COMCTL32.dll
0x00007ff9c14e0000 - 0x00007ff9c157d000 	C:\Windows\System32\msvcp_win.dll
0x00007ff9b9140000 - 0x00007ff9b914a000 	C:\Windows\SYSTEM32\VERSION.dll
0x00007ff9c3470000 - 0x00007ff9c34a2000 	C:\Windows\System32\IMM32.DLL
0x00007ff9beeb0000 - 0x00007ff9beebc000 	C:\Program Files\Java\jdk-17\bin\vcruntime140_1.dll
0x00007ff997b70000 - 0x00007ff997bfe000 	C:\Program Files\Java\jdk-17\bin\msvcp140.dll
0x00007ff9058c0000 - 0x00007ff90649f000 	C:\Program Files\Java\jdk-17\bin\server\jvm.dll
0x00007ff9c3440000 - 0x00007ff9c3448000 	C:\Windows\System32\PSAPI.DLL
0x00007ff9b2230000 - 0x00007ff9b2257000 	C:\Windows\SYSTEM32\WINMM.dll
0x00007ff9a7f70000 - 0x00007ff9a7f79000 	C:\Windows\SYSTEM32\WSOCK32.dll
0x00007ff9c2f70000 - 0x00007ff9c2fdb000 	C:\Windows\System32\WS2_32.dll
0x00007ff9bf9c0000 - 0x00007ff9bf9d2000 	C:\Windows\SYSTEM32\kernel.appcore.dll
0x00007ff998bd0000 - 0x00007ff998bda000 	C:\Program Files\Java\jdk-17\bin\jimage.dll
0x00007ff9bec70000 - 0x00007ff9bee54000 	C:\Windows\SYSTEM32\DBGHELP.DLL
0x00007ff9b6470000 - 0x00007ff9b64a4000 	C:\Windows\SYSTEM32\dbgcore.DLL
0x00007ff9c19a0000 - 0x00007ff9c1a22000 	C:\Windows\System32\bcryptPrimitives.dll
0x00007ff998e80000 - 0x00007ff998e8e000 	C:\Program Files\Java\jdk-17\bin\instrument.dll
0x00007ff997b40000 - 0x00007ff997b65000 	C:\Program Files\Java\jdk-17\bin\java.dll

dbghelp: loaded successfully - version: 4.0.5 - missing functions: none
symbol engine: initialized successfully - sym options: 0x614 - pdb path: .;C:\Program Files\Java\jdk-17\bin;C:\Windows\SYSTEM32;C:\Windows\WinSxS\amd64_microsoft.windows.common-controls_6595b64144ccf1df_6.0.19041.3636_none_60b6a03d71f818d5;C:\Program Files\Java\jdk-17\bin\server

VM Arguments:
jvm_args: -XX:TieredStopAtLevel=1 -Dspring.output.ansi.enabled=always -Dcom.sun.management.jmxremote -Dspring.jmx.enabled=true -Dspring.liveBeansView.mbeanDomain -Dspring.application.admin.enabled=true -Dmanagement.endpoints.jmx.exposure.include=* -javaagent:D:\Applications\Software\IntelliJ\IntelliJ IDEA 2023.3.4\lib\idea_rt.jar=57694:D:\Applications\Software\IntelliJ\IntelliJ IDEA 2023.3.4\bin -Dfile.encoding=UTF-8 
java_command: s3.ind.Main
java_class_path (initial): D:\CS\Version Control\GitLab\test\fitsphere-backend\build\classes\java\main;D:\CS\Version Control\GitLab\test\fitsphere-backend\build\resources\main;C:\Users\Melina\.gradle\caches\modules-2\files-2.1\org.projectlombok\lombok\1.18.28\a2ff5da8bcd8b1b26f36b806ced63213362c6dcc\lombok-1.18.28.jar;C:\Users\Melina\.gradle\caches\modules-2\files-2.1\org.mapstruct\mapstruct-processor\1.5.0.Beta2\1f2a01e3c6e1a615b9925b4662e3cd3f747e75cf\mapstruct-processor-1.5.0.Beta2.jar;C:\Users\Melina\.gradle\caches\modules-2\files-2.1\org.apache.commons\commons-math3\3.6.1\e4ba98f1d4b3c80ec46392f25e094a6a2e58fcbf\commons-math3-3.6.1.jar;C:\Users\Melina\.gradle\caches\modules-2\files-2.1\org.springframework.boot\spring-boot-starter-web\3.1.3\d4326db157b4cf73647ae69b588de0dc65cb702\spring-boot-starter-web-3.1.3.jar;C:\Users\Melina\.gradle\caches\modules-2\files-2.1\org.springframework.boot\spring-boot-starter-validation\3.1.3\fdf58f7fb49600f02dec49549bc629d2ae9c6de0\spring-boot-starter-validation-3.1.3.jar;C:\Users\Melina\.gradle\caches\modules-2\files-2.1\org.springframework.boot\spring-boot-starter-security\3.1.3\b447ab41a6b07c983276cee15b7bbe589b9ce752\spring-boot-starter-security-3.1.3.jar;C:\Users\Melina\.gradle\caches\modules-2\files-2.1\org.springframework.boot\spring-boot-starter-data-jpa\3.1.3\f0a12154dd3ecee15f6b0ad9cc8025cb600cbbfc\spring-boot-starter-data-jpa-3.1.3.jar;C:\Users\Melina\.gradle\caches\modules-2\files-2.1\org.springframework.boot\spring-boot-starter\3.1.3\c59f038f005cf8fb3338b7b9e50e9a65bac1ebca\spring-boot-starter-3.1.3.jar;C:\Users\Melina\.gradle\caches\modules-2\files-2.1\org.flywaydb\flyway-mysql\9.16.3\1b275ceaf1dc839d9a3d82908ca2a367c6502d5a\flyway-mysql-9.16.3.jar;C:\Users\Melina\.gradle\caches\modules-2\files-2.1\org.flywaydb\flyway-core\9.16.3\ea75bff08a52e6489a3f0b92e913061ff9e9edb3\flyway-core-9.16.3.jar;C:\Users\Melina\.gradle\caches\modules-2\files-2.1\org.mapstruct\mapstruct\1.5.0.Beta2\c4a82946c2fadaddf1c84b00199be93b54f1
Launcher Type: SUN_STANDARD

[Global flags]
     intx CICompilerCount                          = 4                                         {product} {ergonomic}
     uint ConcGCThreads                            = 2                                         {product} {ergonomic}
     uint G1ConcRefinementThreads                  = 8                                         {product} {ergonomic}
   size_t G1HeapRegionSize                         = 8388608                                   {product} {ergonomic}
    uintx GCDrainStackTargetSize                   = 64                                        {product} {ergonomic}
   size_t InitialHeapSize                          = 671088640                                 {product} {ergonomic}
     bool ManagementServer                         = true                                      {product} {command line}
   size_t MarkStackSize                            = 4194304                                   {product} {ergonomic}
   size_t MaxHeapSize                              = 10687086592                               {product} {ergonomic}
   size_t MinHeapDeltaBytes                        = 8388608                                   {product} {ergonomic}
   size_t MinHeapSize                              = 8388608                                   {product} {ergonomic}
    uintx NonProfiledCodeHeapSize                  = 0                                      {pd product} {ergonomic}
     bool ProfileInterpreter                       = false                                  {pd product} {command line}
    uintx ProfiledCodeHeapSize                     = 0                                      {pd product} {ergonomic}
   size_t SoftMaxHeapSize                          = 10687086592                            {manageable} {ergonomic}
     intx TieredStopAtLevel                        = 1                                         {product} {command line}
     bool UseCompressedClassPointers               = true                           {product lp64_product} {ergonomic}
     bool UseCompressedOops                        = true                           {product lp64_product} {ergonomic}
     bool UseG1GC                                  = true                                      {product} {ergonomic}
     bool UseLargePagesIndividualAllocation        = false                                  {pd product} {ergonomic}

Logging:
Log output configuration:
 #0: stdout all=warning uptime,level,tags
 #1: stderr all=off uptime,level,tags

Environment Variables:
JAVA_HOME=C:\Program Files\Java\jdk-17
PATH=C:\Program Files\Java\jdk-17\bin;D:\Applications\Software\Gradle\gradle-7.6.4\bin;C:\Program Files\Common Files\Oracle\Java\javapath;C:\Users\Melina\AppData\Local\Programs\Python\Python312\Scripts;C:\Users\Melina\AppData\Local\Programs\Python\Python312;C:\Windows\system32;C:\Windows;C:\Windows\System32\Wbem;C:\Windows\System32\WindowsPowerShell\v1.0\;C:\Windows\System32\OpenSSH\;D:\Applications\Utilities\Git\cmd;D:\Applications\Utilities\Node\;C:\ProgramData\chocolatey\bin;C:\Program Files\Microsoft SQL Server\Client SDK\ODBC\170\Tools\Binn\;C:\Program Files\Microsoft SQL Server\150\Tools\Binn\;C:\Program Files\dotnet\;C:\Program Files\MongoDB\mongosh-1.10.6-win32-x64\bin;C:\Program Files (x86)\Microsoft SQL Server\160\Tools\Binn\;C:\Program Files\Microsoft SQL Server\160\Tools\Binn\;C:\Program Files\Microsoft SQL Server\160\DTS\Binn\;C:\Program Files\Azure Data Studio\bin;D:\Applications\Utilities\Anaconda\Scripts;;C:\Program Files\Docker\Docker\resources\bin;C:\Program Files\MySQL\MySQL Shell 8.0\bin\;C:\Users\Melina\AppData\Local\Microsoft\WindowsApps;;D:\Applications\Software\Microsoft VS Code\bin;C:\Users\Melina\AppData\Roaming\npm;C:\Program Files\Azure Data Studio\bin;D:\Applications\Utilities\MongoDB\Atlas\;D:\Applications\Software\IntelliJ\IntelliJ IDEA 2023.3.4\bin;
USERNAME=Melina
OS=Windows_NT
PROCESSOR_IDENTIFIER=Intel64 Family 6 Model 140 Stepping 1, GenuineIntel



---------------  S Y S T E M  ---------------

OS:
 Windows 10 , 64 bit Build 19041 (10.0.19041.3636)
OS uptime: 0 days 20:23 hours
Hyper-V role detected

CPU: total 8 (initial active 8) (4 cores per cpu, 2 threads per core) family 6 model 140 stepping 1 microcode 0xa4, cx8, cmov, fxsr, ht, mmx, 3dnowpref, sse, sse2, sse3, ssse3, sse4.1, sse4.2, popcnt, lzcnt, tsc, tscinvbit, avx, avx2, aes, erms, clmul, bmi1, bmi2, adx, avx512f, avx512dq, avx512cd, avx512bw, avx512vl, sha, fma, vzeroupper, avx512_vpopcntdq, avx512_vpclmulqdq, avx512_vaes, avx512_vnni, clflush, clflushopt, clwb, avx512_vbmi2, avx512_vbmi, hv

Memory: 4k page, system-wide physical 40743M (10719M free)
TotalPageFile size 59865M (AvailPageFile size 5M)
current process WorkingSet (physical memory assigned to process): 9M, peak: 9M
current process commit charge ("private bytes"): 8M, peak: 9M

vm_info: Java HotSpot(TM) 64-Bit Server VM (17.0.10+11-LTS-240) for windows-amd64 JRE (17.0.10+11-LTS-240), built on Dec 19 2023 21:47:25 by "mach5one" with MS VC++ 17.1 (VS2022)

END.
